<?xml version="1.0" encoding="UTF-8"?>
<!-- Generated by org.testng.reporters.JUnitReportReporter -->
<testsuite hostname="Deccansoft-6" name="com.facebook.constants.Test" tests="5" failures="0" timestamp="28 Sep 2017 10:35:37 GMT" time="0.020" errors="0">
  <testcase name="test" time="0.002" classname="com.facebook.constants.Test"/>
  <testcase name="test" time="0.001" classname="com.facebook.constants.Test"/>
  <testcase name="test" time="0.002" classname="com.facebook.constants.Test"/>
  <testcase name="test" time="0.002" classname="com.facebook.constants.Test"/>
  <testcase name="test" time="0.013" classname="com.facebook.constants.Test"/>
</testsuite> <!-- com.facebook.constants.Test -->
