<?xml version="1.0" encoding="UTF-8"?>
<!-- Generated by org.testng.reporters.JUnitReportReporter -->
<testsuite hostname="Deccansoft-6" name="com.facebook.constants.TestScreenshot" tests="1" failures="0" timestamp="5 Feb 2018 11:59:24 GMT" time="12.862" errors="0">
  <testcase name="testscn" time="12.862" classname="com.facebook.constants.TestScreenshot"/>
</testsuite> <!-- com.facebook.constants.TestScreenshot -->
